#
# A fatal error has been detected by the Java Runtime Environment:
#
#  SIGBUS (0xa) at pc=0x0000000108585e8b, pid=1752, tid=1811
#
# JRE version: Java(TM) SE Runtime Environment (8.0_25-b17) (build 1.8.0_25-b17)
# Java VM: Java HotSpot(TM) 64-Bit Server VM (25.25-b02 mixed mode bsd-amd64 compressed oops)
# Problematic frame:
# J 4041 C1 com.sun.javafx.scene.control.skin.CellSkinBase$StyleableProperties$1.getStyleableProperty(Ljavafx/css/Styleable;)Ljavafx/css/StyleableProperty; (9 bytes) @ 0x0000000108585e8b [0x0000000108585560+0x92b]
#
# Failed to write core dump. Core dumps have been disabled. To enable core dumping, try "ulimit -c unlimited" before starting Java again
#
# If you would like to submit a bug report, please visit:
#   http://bugreport.sun.com/bugreport/crash.jsp
#

---------------  T H R E A D  ---------------

Current thread (0x00007f96528be000):  JavaThread "JavaFX Application Thread" [_thread_in_Java, id=1811, stack(0x00007fff5924f000,0x00007fff59a4f000)]

siginfo: si_signo: 10 (SIGBUS), si_code: 2 (BUS_ADRERR), si_addr: 0x00000007c0b0ef50

Registers:
RAX=0x000000076ffba2d0, RBX=0x00000007c01036a8, RCX=0x00000000d810c192, RDX=0x0000000132ccd7f0
RSP=0x00007fff59a49150, RBP=0x0000000000000000, RSI=0x0000000000000108, RDI=0x00000007c0b0ef38
R8 =0x000000076fd77ff8, R9 =0x0000000000000000, R10=0x00000000edff7351, R11=0x00000000edfaef9e
R12=0x0000000000000000, R13=0x000000076b08c220, R14=0x00000000ed611848, R15=0x00007f96528be000
RIP=0x0000000108585e8b, EFLAGS=0x0000000000010202, ERR=0x0000000000000004
  TRAPNO=0x000000000000000e

Top of Stack: (sp=0x00007fff59a49150)
0x00007fff59a49150:   00000000d801b8f5 0000000108eee8dc
0x00007fff59a49160:   00000000d801b8f5 0000000108ef978c
0x00007fff59a49170:   bff0000000000001 000000076b08ae30
0x00007fff59a49180:   00000000d8006df4 0000000108b38d34
0x00007fff59a49190:   000000076f9df598 0000001400000017
0x00007fff59a491a0:   000000076f9df598 000000076f9df0e0
0x00007fff59a491b0:   00000006c0942178 000000076ff73f48
0x00007fff59a491c0:   00000000edff757f 0000000108d24424
0x00007fff59a491d0:   00000000edff757f 00000001086382ec
0x00007fff59a491e0:   000000076ffba740 00000001086c2130
0x00007fff59a491f0:   00000000ad72b3bf 00000006c20c0410
0x00007fff59a49200:   000000076ffba7c0 00000006c0860c70
0x00007fff59a49210:   000000076f9da9e8 000000076ffcce88
0x00007fff59a49220:   0000000000000000 0000000108ddffdc
0x00007fff59a49230:   000000076f621308 000000076f580040
0x00007fff59a49240:   000000076ffb7ce0 f800323a00000004
0x00007fff59a49250:   0000000700000004 000000076fd77ce0
0x00007fff59a49260:   0000000400000000 00000007c001b998
0x00007fff59a49270:   0000000700000001 000000000000002a
0x00007fff59a49280:   000000076ffbabe0 000000076b08c140
0x00007fff59a49290:   edeb00081856a2a8 000000076fd77ce0
0x00007fff59a492a0:   000000076ffba558 000000076ff78c28
0x00007fff59a492b0:   000000076b08c130 000000076f589230
0x00007fff59a492c0:   000000076fd77ff8 00000007c01ed6e0
0x00007fff59a492d0:   000000076ffbab38 00000006c03667c8
0x00007fff59a492e0:   00000006c03667c8 0000000000000000
0x00007fff59a492f0:   00000006c20abd70 7ff800000000001d
0x00007fff59a49300:   000000076b08a908 000000076b08a9b8
0x00007fff59a49310:   00000007c011d6d0 00000006c20c0968
0x00007fff59a49320:   0000000000000001 000000076b08bc68
0x00007fff59a49330:   00007fff59a49b60 0000000108b5019c
0x00007fff59a49340:   000000066a517cb2 00000006c0861520 

Instructions: (pc=0x0000000108585e8b)
0x0000000108585e6b:   81 8f 70 01 00 00 00 01 00 00 e9 dc 00 00 00 48
0x0000000108585e7b:   bb a8 36 10 c0 07 00 00 00 8b 78 08 48 c1 e7 03
0x0000000108585e8b:   48 3b 5f 18 0f 84 1b 00 00 00 48 3b fb 0f 84 12
0x0000000108585e9b:   00 00 00 57 53 e8 fb 4a ee ff 5f 5f 83 ff 00 0f 

Register to memory mapping:

RAX=0x000000076ffba2d0 is an oop

[error occurred during error reporting (printing register info), id 0xa]

Stack: [0x00007fff5924f000,0x00007fff59a4f000],  sp=0x00007fff59a49150,  free space=8168k
Native frames: (J=compiled Java code, j=interpreted, Vv=VM code, C=native code)
J 4041 C1 com.sun.javafx.scene.control.skin.CellSkinBase$StyleableProperties$1.getStyleableProperty(Ljavafx/css/Styleable;)Ljavafx/css/StyleableProperty; (9 bytes) @ 0x0000000108585e8b [0x0000000108585560+0x92b]


---------------  P R O C E S S  ---------------

Java Threads: ( => current thread )
  0x00007f965344c800 JavaThread "Abandoned connection cleanup thread" daemon [_thread_blocked, id=62167, stack(0x0000000134a4a000,0x0000000134b4a000)]
  0x00007f9652980800 JavaThread "Prism Font Disposer" daemon [_thread_blocked, id=52747, stack(0x000000012afb4000,0x000000012b0b4000)]
  0x00007f9653135800 JavaThread "JavaFX-Launcher" [_thread_blocked, id=51971, stack(0x000000012a973000,0x000000012aa73000)]
  0x00007f96550fc800 JavaThread "Thread-3" daemon [_thread_in_native, id=39683, stack(0x0000000129799000,0x0000000129819000)]
=>0x00007f96528be000 JavaThread "JavaFX Application Thread" [_thread_in_Java, id=1811, stack(0x00007fff5924f000,0x00007fff59a4f000)]
  0x00007f96528c3800 JavaThread "Thread-1" daemon [_thread_blocked, id=26643, stack(0x0000000126790000,0x0000000126890000)]
  0x00007f96550b8000 JavaThread "QuantumRenderer-0" daemon [_thread_blocked, id=21763, stack(0x0000000125f41000,0x0000000126041000)]
  0x00007f9652849000 JavaThread "Service Thread" daemon [_thread_blocked, id=20739, stack(0x0000000125c76000,0x0000000125d76000)]
  0x00007f9655060000 JavaThread "C1 CompilerThread3" daemon [_thread_blocked, id=20227, stack(0x0000000125b73000,0x0000000125c73000)]
  0x00007f9653032800 JavaThread "C2 CompilerThread2" daemon [_thread_blocked, id=19715, stack(0x0000000125a70000,0x0000000125b70000)]
  0x00007f9653032000 JavaThread "C2 CompilerThread1" daemon [_thread_blocked, id=19203, stack(0x000000012596d000,0x0000000125a6d000)]
  0x00007f9652825800 JavaThread "C2 CompilerThread0" daemon [_thread_blocked, id=18691, stack(0x000000012586a000,0x000000012596a000)]
  0x00007f9652824800 JavaThread "Signal Dispatcher" daemon [_thread_blocked, id=18215, stack(0x0000000125767000,0x0000000125867000)]
  0x00007f965300a800 JavaThread "Finalizer" daemon [_thread_blocked, id=13571, stack(0x0000000123e18000,0x0000000123f18000)]
  0x00007f9655051800 JavaThread "Reference Handler" daemon [_thread_blocked, id=13059, stack(0x0000000123d15000,0x0000000123e15000)]
  0x00007f965280a000 JavaThread "main" [_thread_blocked, id=4867, stack(0x00000001062f9000,0x00000001063f9000)]

Other Threads:
  0x00007f965504d000 VMThread [stack: 0x0000000123c12000,0x0000000123d12000] [id=12547]
  0x00007f9652849800 WatcherThread [stack: 0x0000000125d79000,0x0000000125e79000] [id=21251]

VM state:not at safepoint (normal execution)

VM Mutex/Monitor currently owned by a thread: None

Heap:
 PSYoungGen      total 76288K, used 17307K [0x000000076ab00000, 0x0000000770000000, 0x00000007c0000000)
  eden space 65536K, 10% used [0x000000076ab00000,0x000000076b16a4b8,0x000000076eb00000)
  from space 10752K, 99% used [0x000000076f580000,0x000000076fffc9f0,0x0000000770000000)
  to   space 10752K, 0% used [0x000000076eb00000,0x000000076eb00000,0x000000076f580000)
 ParOldGen       total 102912K, used 49015K [0x00000006c0000000, 0x00000006c6480000, 0x000000076ab00000)
  object space 102912K, 47% used [0x00000006c0000000,0x00000006c2fdddc8,0x00000006c6480000)
 Metaspace       used 23468K, capacity 24582K, committed 24832K, reserved 1071104K
  class space    used 3018K, capacity 3230K, committed 3328K, reserved 1048576K

Card table byte_map: [0x000000011772f000,0x0000000117f30000] byte_map_base: 0x000000011412f000

Marking Bits: (ParMarkBitMap*) 0x0000000107c9d390
 Begin Bits: [0x0000000118c9e000, 0x000000011cc9e000)
 End Bits:   [0x000000011cc9e000, 0x0000000120c9e000)

Polling page: 0x00000001063fb000

CodeCache: size=245760Kb used=14471Kb max_used=14521Kb free=231288Kb
 bounds [0x000000010836f000, 0x00000001091af000, 0x000000011736f000]
 total_blobs=5180 nmethods=4457 adapters=635
 compilation: enabled

Compilation events (10 events):
Event: 136.828 Thread 0x00007f9652825800 4916       4       java.lang.ref.ReferenceQueue::reallyPoll (66 bytes)
Event: 136.830 Thread 0x00007f9652825800 nmethod 4916 0x00000001088dd710 code [0x00000001088dd860, 0x00000001088dd998]
Event: 141.110 Thread 0x00007f9655060000 4917       3       com.sun.javafx.sg.prism.NGImageView::renderContent (248 bytes)
Event: 141.111 Thread 0x00007f9655060000 nmethod 4917 0x0000000108c2e850 code [0x0000000108c2eaa0, 0x0000000108c2f8d8]
Event: 141.111 Thread 0x00007f9655060000 4918       3       com.sun.javafx.sg.prism.NGImageView::maxSizeWrapper (7 bytes)
Event: 141.111 Thread 0x00007f9655060000 nmethod 4918 0x000000010896e150 code [0x000000010896e2c0, 0x000000010896e4e8]
Event: 141.111 Thread 0x00007f9655060000 4919       3       com.sun.prism.impl.BaseGraphics::setExtraAlpha (6 bytes)
Event: 141.112 Thread 0x00007f9655060000 nmethod 4919 0x0000000108978e10 code [0x0000000108978f60, 0x00000001089790b0]
Event: 141.374 Thread 0x00007f9655060000 4920       3       javafx.util.Duration::greaterThan (18 bytes)
Event: 141.374 Thread 0x00007f9655060000 nmethod 4920 0x0000000108cef990 code [0x0000000108cefb00, 0x0000000108cefcf0]

GC Heap History (10 events):
Event: 9.274 GC heap before
{Heap before GC invocations=1 (full 0):
 PSYoungGen      total 76288K, used 65536K [0x000000076ab00000, 0x0000000770000000, 0x00000007c0000000)
  eden space 65536K, 100% used [0x000000076ab00000,0x000000076eb00000,0x000000076eb00000)
  from space 10752K, 0% used [0x000000076f580000,0x000000076f580000,0x0000000770000000)
  to   space 10752K, 0% used [0x000000076eb00000,0x000000076eb00000,0x000000076f580000)
 ParOldGen       total 175104K, used 0K [0x00000006c0000000, 0x00000006cab00000, 0x000000076ab00000)
  object space 175104K, 0% used [0x00000006c0000000,0x00000006c0000000,0x00000006cab00000)
 Metaspace       used 19411K, capacity 19964K, committed 20224K, reserved 1067008K
  class space    used 2612K, capacity 2733K, committed 2816K, reserved 1048576K
Event: 9.284 GC heap after
Heap after GC invocations=1 (full 0):
 PSYoungGen      total 76288K, used 10729K [0x000000076ab00000, 0x0000000770000000, 0x00000007c0000000)
  eden space 65536K, 0% used [0x000000076ab00000,0x000000076ab00000,0x000000076eb00000)
  from space 10752K, 99% used [0x000000076eb00000,0x000000076f57a580,0x000000076f580000)
  to   space 10752K, 0% used [0x000000076f580000,0x000000076f580000,0x0000000770000000)
 ParOldGen       total 175104K, used 5267K [0x00000006c0000000, 0x00000006cab00000, 0x000000076ab00000)
  object space 175104K, 3% used [0x00000006c0000000,0x00000006c0524ff0,0x00000006cab00000)
 Metaspace       used 19411K, capacity 19964K, committed 20224K, reserved 1067008K
  class space    used 2612K, capacity 2733K, committed 2816K, reserved 1048576K
}
Event: 9.884 GC heap before
{Heap before GC invocations=2 (full 0):
 PSYoungGen      total 76288K, used 21267K [0x000000076ab00000, 0x0000000770000000, 0x00000007c0000000)
  eden space 65536K, 16% used [0x000000076ab00000,0x000000076b54a8f8,0x000000076eb00000)
  from space 10752K, 99% used [0x000000076eb00000,0x000000076f57a580,0x000000076f580000)
  to   space 10752K, 0% used [0x000000076f580000,0x000000076f580000,0x0000000770000000)
 ParOldGen       total 175104K, used 5267K [0x00000006c0000000, 0x00000006cab00000, 0x000000076ab00000)
  object space 175104K, 3% used [0x00000006c0000000,0x00000006c0524ff0,0x00000006cab00000)
 Metaspace       used 20492K, capacity 21122K, committed 21248K, reserved 1067008K
  class space    used 2774K, capacity 2950K, committed 3072K, reserved 1048576K
Event: 9.893 GC heap after
Heap after GC invocations=2 (full 0):
 PSYoungGen      total 76288K, used 10722K [0x000000076ab00000, 0x0000000770000000, 0x00000007c0000000)
  eden space 65536K, 0% used [0x000000076ab00000,0x000000076ab00000,0x000000076eb00000)
  from space 10752K, 99% used [0x000000076f580000,0x000000076fff8a50,0x0000000770000000)
  to   space 10752K, 0% used [0x000000076eb00000,0x000000076eb00000,0x000000076f580000)
 ParOldGen       total 175104K, used 8990K [0x00000006c0000000, 0x00000006cab00000, 0x000000076ab00000)
  object space 175104K, 5% used [0x00000006c0000000,0x00000006c08c7ae8,0x00000006cab00000)
 Metaspace       used 20492K, capacity 21122K, committed 21248K, reserved 1067008K
  class space    used 2774K, capacity 2950K, committed 3072K, reserved 1048576K
}
Event: 9.894 GC heap before
{Heap before GC invocations=3 (full 1):
 PSYoungGen      total 76288K, used 10722K [0x000000076ab00000, 0x0000000770000000, 0x00000007c0000000)
  eden space 65536K, 0% used [0x000000076ab00000,0x000000076ab00000,0x000000076eb00000)
  from space 10752K, 99% used [0x000000076f580000,0x000000076fff8a50,0x0000000770000000)
  to   space 10752K, 0% used [0x000000076eb00000,0x000000076eb00000,0x000000076f580000)
 ParOldGen       total 175104K, used 8990K [0x00000006c0000000, 0x00000006cab00000, 0x000000076ab00000)
  object space 175104K, 5% used [0x00000006c0000000,0x00000006c08c7ae8,0x00000006cab00000)
 Metaspace       used 20492K, capacity 21122K, committed 21248K, reserved 1067008K
  class space    used 2774K, capacity 2950K, committed 3072K, reserved 1048576K
Event: 9.921 GC heap after
Heap after GC invocations=3 (full 1):
 PSYoungGen      total 76288K, used 0K [0x000000076ab00000, 0x0000000770000000, 0x00000007c0000000)
  eden space 65536K, 0% used [0x000000076ab00000,0x000000076ab00000,0x000000076eb00000)
  from space 10752K, 0% used [0x000000076f580000,0x000000076f580000,0x0000000770000000)
  to   space 10752K, 0% used [0x000000076eb00000,0x000000076eb00000,0x000000076f580000)
 ParOldGen       total 102912K, used 14064K [0x00000006c0000000, 0x00000006c6480000, 0x000000076ab00000)
  object space 102912K, 13% used [0x00000006c0000000,0x00000006c0dbc0f8,0x00000006c6480000)
 Metaspace       used 20490K, capacity 21120K, committed 21248K, reserved 1067008K
  class space    used 2773K, capacity 2949K, committed 3072K, reserved 1048576K
}
Event: 67.498 GC heap before
{Heap before GC invocations=4 (full 1):
 PSYoungGen      total 76288K, used 65536K [0x000000076ab00000, 0x0000000770000000, 0x00000007c0000000)
  eden space 65536K, 100% used [0x000000076ab00000,0x000000076eb00000,0x000000076eb00000)
  from space 10752K, 0% used [0x000000076f580000,0x000000076f580000,0x0000000770000000)
  to   space 10752K, 0% used [0x000000076eb00000,0x000000076eb00000,0x000000076f580000)
 ParOldGen       total 102912K, used 14064K [0x00000006c0000000, 0x00000006c6480000, 0x000000076ab00000)
  object space 102912K, 13% used [0x00000006c0000000,0x00000006c0dbc0f8,0x00000006c6480000)
 Metaspace       used 23041K, capacity 24120K, committed 24320K, reserved 1071104K
  class space    used 3013K, capacity 3227K, committed 3328K, reserved 1048576K
Event: 67.508 GC heap after
Heap after GC invocations=4 (full 1):
 PSYoungGen      total 76288K, used 10722K [0x000000076ab00000, 0x0000000770000000, 0x00000007c0000000)
  eden space 65536K, 0% used [0x000000076ab00000,0x000000076ab00000,0x000000076eb00000)
  from space 10752K, 99% used [0x000000076eb00000,0x000000076f578a00,0x000000076f580000)
  to   space 10752K, 0% used [0x000000076f580000,0x000000076f580000,0x0000000770000000)
 ParOldGen       total 102912K, used 25647K [0x00000006c0000000, 0x00000006c6480000, 0x000000076ab00000)
  object space 102912K, 24% used [0x00000006c0000000,0x00000006c190bfb8,0x00000006c6480000)
 Metaspace       used 23041K, capacity 24120K, committed 24320K, reserved 1071104K
  class space    used 3013K, capacity 3227K, committed 3328K, reserved 1048576K
}
Event: 98.944 GC heap before
{Heap before GC invocations=5 (full 1):
 PSYoungGen      total 76288K, used 76258K [0x000000076ab00000, 0x0000000770000000, 0x00000007c0000000)
  eden space 65536K, 100% used [0x000000076ab00000,0x000000076eb00000,0x000000076eb00000)
  from space 10752K, 99% used [0x000000076eb00000,0x000000076f578a00,0x000000076f580000)
  to   space 10752K, 0% used [0x000000076f580000,0x000000076f580000,0x0000000770000000)
 ParOldGen       total 102912K, used 25647K [0x00000006c0000000, 0x00000006c6480000, 0x000000076ab00000)
  object space 102912K, 24% used [0x00000006c0000000,0x00000006c190bfb8,0x00000006c6480000)
 Metaspace       used 23418K, capacity 24518K, committed 24832K, reserved 1071104K
  class space    used 3018K, capacity 3230K, committed 3328K, reserved 1048576K
Event: 98.963 GC heap after
Heap after GC invocations=5 (full 1):
 PSYoungGen      total 76288K, used 10738K [0x000000076ab00000, 0x0000000770000000, 0x00000007c0000000)
  eden space 65536K, 0% used [0x000000076ab00000,0x000000076ab00000,0x000000076eb00000)
  from space 10752K, 99% used [0x000000076f580000,0x000000076fffc9f0,0x0000000770000000)
  to   space 10752K, 0% used [0x000000076eb00000,0x000000076eb00000,0x000000076f580000)
 ParOldGen       total 102912K, used 49015K [0x00000006c0000000, 0x00000006c6480000, 0x000000076ab00000)
  object space 102912K, 47% used [0x00000006c0000000,0x00000006c2fdddc8,0x00000006c6480000)
 Metaspace       used 23418K, capacity 24518K, committed 24832K, reserved 1071104K
  class space    used 3018K, capacity 3230K, committed 3328K, reserved 1048576K
}

Deoptimization events (10 events):
Event: 39.087 Thread 0x00007f96528be000 Uncommon trap: reason=null_check action=make_not_entrant pc=0x0000000108c70d48 method=javafx.scene.Node$MiscProperties.getClip()Ljavafx/scene/Node; @ 20
Event: 39.088 Thread 0x00007f96528be000 Uncommon trap: reason=null_check action=make_not_entrant pc=0x0000000108cf0588 method=javafx.scene.Node$MiscProperties.getClip()Ljavafx/scene/Node; @ 20
Event: 41.494 Thread 0x00007f96528be000 Uncommon trap: reason=array_check action=maybe_recompile pc=0x0000000108e24330 method=com.sun.javafx.css.CompoundSelector.applies(Ljavafx/css/Styleable;[Ljava/util/Set;I)Z @ 128
Event: 41.494 Thread 0x00007f96528be000 Uncommon trap: reason=array_check action=maybe_recompile pc=0x0000000108e24330 method=com.sun.javafx.css.CompoundSelector.applies(Ljavafx/css/Styleable;[Ljava/util/Set;I)Z @ 128
Event: 41.494 Thread 0x00007f96528be000 Uncommon trap: reason=array_check action=maybe_recompile pc=0x0000000108e24330 method=com.sun.javafx.css.CompoundSelector.applies(Ljavafx/css/Styleable;[Ljava/util/Set;I)Z @ 128
Event: 41.494 Thread 0x00007f96528be000 Uncommon trap: reason=array_check action=maybe_recompile pc=0x0000000108e24330 method=com.sun.javafx.css.CompoundSelector.applies(Ljavafx/css/Styleable;[Ljava/util/Set;I)Z @ 128
Event: 41.496 Thread 0x00007f96528be000 Uncommon trap: reason=unreached action=reinterpret pc=0x0000000108e7a7bc method=javafx.scene.CssStyleHelper.updateParentTriggerStates(Ljavafx/css/Styleable;I[Lcom/sun/javafx/css/PseudoClassState;)V @ 63
Event: 67.509 Thread 0x00007f96528be000 Uncommon trap: reason=unreached action=reinterpret pc=0x0000000108b49e7c method=java.util.WeakHashMap.expungeStaleEntries()V @ 66
Event: 95.012 Thread 0x00007f96528be000 Uncommon trap: reason=class_check action=maybe_recompile pc=0x0000000108c196ec method=javafx.scene.Node.updateLocalToParentTransform()V @ 11
Event: 99.089 Thread 0x00007f96550b8000 Uncommon trap: reason=unreached action=reinterpret pc=0x00000001090c38c4 method=com.sun.prism.impl.ManagedResource._isgone(Lcom/sun/prism/impl/ManagedResource;)Z @ 1

Internal exceptions (10 events):
Event: 98.322 Thread 0x00007f96528be000 Exception <a 'java/security/PrivilegedActionException'> (0x000000076e6ac068) thrown at [/HUDSON3/workspace/8-2-build-macosx-x86_64/jdk8u25/1514/hotspot/src/share/vm/prims/jvm.cpp, line 1312]
Event: 98.322 Thread 0x00007f96528be000 Exception <a 'java/security/PrivilegedActionException'> (0x000000076e6c5938) thrown at [/HUDSON3/workspace/8-2-build-macosx-x86_64/jdk8u25/1514/hotspot/src/share/vm/prims/jvm.cpp, line 1312]
Event: 98.322 Thread 0x00007f96528be000 Exception <a 'java/security/PrivilegedActionException'> (0x000000076e6c6720) thrown at [/HUDSON3/workspace/8-2-build-macosx-x86_64/jdk8u25/1514/hotspot/src/share/vm/prims/jvm.cpp, line 1312]
Event: 98.322 Thread 0x00007f96528be000 Exception <a 'java/security/PrivilegedActionException'> (0x000000076e6c7df8) thrown at [/HUDSON3/workspace/8-2-build-macosx-x86_64/jdk8u25/1514/hotspot/src/share/vm/prims/jvm.cpp, line 1312]
Event: 98.322 Thread 0x00007f96528be000 Exception <a 'java/security/PrivilegedActionException'> (0x000000076e6c8b08) thrown at [/HUDSON3/workspace/8-2-build-macosx-x86_64/jdk8u25/1514/hotspot/src/share/vm/prims/jvm.cpp, line 1312]
Event: 98.322 Thread 0x00007f96528be000 Exception <a 'java/security/PrivilegedActionException'> (0x000000076e6ca1e0) thrown at [/HUDSON3/workspace/8-2-build-macosx-x86_64/jdk8u25/1514/hotspot/src/share/vm/prims/jvm.cpp, line 1312]
Event: 98.322 Thread 0x00007f96528be000 Exception <a 'java/security/PrivilegedActionException'> (0x000000076e6caef0) thrown at [/HUDSON3/workspace/8-2-build-macosx-x86_64/jdk8u25/1514/hotspot/src/share/vm/prims/jvm.cpp, line 1312]
Event: 98.322 Thread 0x00007f96528be000 Exception <a 'java/security/PrivilegedActionException'> (0x000000076e6e3918) thrown at [/HUDSON3/workspace/8-2-build-macosx-x86_64/jdk8u25/1514/hotspot/src/share/vm/prims/jvm.cpp, line 1312]
Event: 98.322 Thread 0x00007f96528be000 Exception <a 'java/security/PrivilegedActionException'> (0x000000076e6e4648) thrown at [/HUDSON3/workspace/8-2-build-macosx-x86_64/jdk8u25/1514/hotspot/src/share/vm/prims/jvm.cpp, line 1312]
Event: 99.089 Thread 0x00007f96550b8000 Implicit null exception at 0x00000001090c3870 to 0x00000001090c38b5

Events (10 events):
Event: 98.975 Thread 0x00007f9653032800 flushing nmethod 0x00000001089f5dd0
Event: 98.981 Thread 0x00007f9655060000 flushing nmethod 0x0000000108c1f390
Event: 98.981 Thread 0x00007f9655060000 flushing nmethod 0x0000000108c70150
Event: 98.981 Thread 0x00007f9653032800 flushing nmethod 0x0000000108cef7d0
Event: 98.982 Thread 0x00007f9655060000 flushing nmethod 0x0000000108dd1010
Event: 99.052 Executing VM operation: RevokeBias
Event: 99.052 Executing VM operation: RevokeBias done
Event: 99.089 Thread 0x00007f96550b8000 Uncommon trap: trap_request=0xffffffad fr.pc=0x00000001090c38c4
Event: 99.089 Thread 0x00007f96550b8000 DEOPT PACKING pc=0x00000001090c38c4 sp=0x0000000126040520
Event: 99.089 Thread 0x00007f96550b8000 DEOPT UNPACKING pc=0x0000000108373f69 sp=0x00000001260404e0 mode 2


Dynamic libraries:
0x000000000bd8d000 	/System/Library/Frameworks/Cocoa.framework/Versions/A/Cocoa
0x000000000bd8d000 	/System/Library/Frameworks/Security.framework/Versions/A/Security
0x000000000bd8d000 	/System/Library/Frameworks/ApplicationServices.framework/Versions/A/ApplicationServices
0x000000000bd8d000 	/usr/lib/libz.1.dylib
0x000000000bd8d000 	/usr/lib/libSystem.B.dylib
0x000000000bd8d000 	/usr/lib/libobjc.A.dylib
0x000000000bd8d000 	/System/Library/Frameworks/CoreFoundation.framework/Versions/A/CoreFoundation
0x000000000bd8d000 	/System/Library/Frameworks/Foundation.framework/Versions/C/Foundation
0x000000000bd8d000 	/System/Library/Frameworks/AppKit.framework/Versions/C/AppKit
0x000000000bd8d000 	/System/Library/Frameworks/CoreData.framework/Versions/A/CoreData
0x000000000bd8d000 	/System/Library/PrivateFrameworks/RemoteViewServices.framework/Versions/A/RemoteViewServices
0x000000000bd8d000 	/System/Library/PrivateFrameworks/UIFoundation.framework/Versions/A/UIFoundation
0x000000000bd8d000 	/System/Library/Frameworks/IOSurface.framework/Versions/A/IOSurface
0x000000000bd8d000 	/System/Library/Frameworks/AudioToolbox.framework/Versions/A/AudioToolbox
0x000000000bd8d000 	/System/Library/Frameworks/AudioUnit.framework/Versions/A/AudioUnit
0x000000000bd8d000 	/System/Library/PrivateFrameworks/DataDetectorsCore.framework/Versions/A/DataDetectorsCore
0x000000000bd8d000 	/System/Library/PrivateFrameworks/DesktopServicesPriv.framework/Versions/A/DesktopServicesPriv
0x000000000bd8d000 	/System/Library/Frameworks/Carbon.framework/Versions/A/Frameworks/HIToolbox.framework/Versions/A/HIToolbox
0x000000000bd8d000 	/System/Library/Frameworks/QuartzCore.framework/Versions/A/QuartzCore
0x000000000bd8d000 	/System/Library/Frameworks/Carbon.framework/Versions/A/Frameworks/SpeechRecognition.framework/Versions/A/SpeechRecognition
0x000000000bd8d000 	/usr/lib/libauto.dylib
0x000000000bd8d000 	/usr/lib/libicucore.A.dylib
0x000000000bd8d000 	/usr/lib/libxml2.2.dylib
0x000000000bd8d000 	/System/Library/PrivateFrameworks/CoreUI.framework/Versions/A/CoreUI
0x000000000bd8d000 	/System/Library/Frameworks/CoreAudio.framework/Versions/A/CoreAudio
0x000000000bd8d000 	/System/Library/Frameworks/DiskArbitration.framework/Versions/A/DiskArbitration
0x000000000bd8d000 	/usr/lib/liblangid.dylib
0x000000000bd8d000 	/System/Library/PrivateFrameworks/MultitouchSupport.framework/Versions/A/MultitouchSupport
0x000000000bd8d000 	/System/Library/Frameworks/IOKit.framework/Versions/A/IOKit
0x000000000bd8d000 	/usr/lib/libDiagnosticMessagesClient.dylib
0x000000000bd8d000 	/System/Library/Frameworks/CoreServices.framework/Versions/A/CoreServices
0x000000000bd8d000 	/System/Library/PrivateFrameworks/PerformanceAnalysis.framework/Versions/A/PerformanceAnalysis
0x000000000bd8d000 	/System/Library/PrivateFrameworks/GenerationalStorage.framework/Versions/A/GenerationalStorage
0x000000000bd8d000 	/System/Library/Frameworks/OpenGL.framework/Versions/A/OpenGL
0x000000000bd8d000 	/System/Library/PrivateFrameworks/Sharing.framework/Versions/A/Sharing
0x000000000bd8d000 	/System/Library/Frameworks/CoreGraphics.framework/Versions/A/CoreGraphics
0x000000000bd8d000 	/System/Library/Frameworks/CoreText.framework/Versions/A/CoreText
0x000000000bd8d000 	/System/Library/Frameworks/ImageIO.framework/Versions/A/ImageIO
0x000000000bd8d000 	/usr/lib/libextension.dylib
0x000000000bd8d000 	/System/Library/PrivateFrameworks/Backup.framework/Versions/A/Backup
0x000000000bd8d000 	/usr/lib/libarchive.2.dylib
0x000000000bd8d000 	/System/Library/Frameworks/CFNetwork.framework/Versions/A/CFNetwork
0x000000000bd8d000 	/System/Library/Frameworks/SystemConfiguration.framework/Versions/A/SystemConfiguration
0x000000000bd8d000 	/usr/lib/libCRFSuite.dylib
0x000000000bd8d000 	/usr/lib/libc++.1.dylib
0x000000000bd8d000 	/usr/lib/libc++abi.dylib
0x000000000bd8d000 	/usr/lib/system/libcache.dylib
0x000000000bd8d000 	/usr/lib/system/libcommonCrypto.dylib
0x000000000bd8d000 	/usr/lib/system/libcompiler_rt.dylib
0x000000000bd8d000 	/usr/lib/system/libcopyfile.dylib
0x000000000bd8d000 	/usr/lib/system/libcorecrypto.dylib
0x000000000bd8d000 	/usr/lib/system/libdispatch.dylib
0x000000000bd8d000 	/usr/lib/system/libdyld.dylib
0x000000000bd8d000 	/usr/lib/system/libkeymgr.dylib
0x000000000bd8d000 	/usr/lib/system/liblaunch.dylib
0x000000000bd8d000 	/usr/lib/system/libmacho.dylib
0x000000000bd8d000 	/usr/lib/system/libquarantine.dylib
0x000000000bd8d000 	/usr/lib/system/libremovefile.dylib
0x000000000bd8d000 	/usr/lib/system/libsystem_asl.dylib
0x000000000bd8d000 	/usr/lib/system/libsystem_blocks.dylib
0x000000000bd8d000 	/usr/lib/system/libsystem_c.dylib
0x000000000bd8d000 	/usr/lib/system/libsystem_configuration.dylib
0x000000000bd8d000 	/usr/lib/system/libsystem_coreservices.dylib
0x000000000bd8d000 	/usr/lib/system/libsystem_coretls.dylib
0x000000000bd8d000 	/usr/lib/system/libsystem_dnssd.dylib
0x000000000bd8d000 	/usr/lib/system/libsystem_info.dylib
0x000000000bd8d000 	/usr/lib/system/libsystem_kernel.dylib
0x000000000bd8d000 	/usr/lib/system/libsystem_m.dylib
0x000000000bd8d000 	/usr/lib/system/libsystem_malloc.dylib
0x000000000bd8d000 	/usr/lib/system/libsystem_network.dylib
0x000000000bd8d000 	/usr/lib/system/libsystem_networkextension.dylib
0x000000000bd8d000 	/usr/lib/system/libsystem_notify.dylib
0x000000000bd8d000 	/usr/lib/system/libsystem_platform.dylib
0x000000000bd8d000 	/usr/lib/system/libsystem_pthread.dylib
0x000000000bd8d000 	/usr/lib/system/libsystem_sandbox.dylib
0x000000000bd8d000 	/usr/lib/system/libsystem_secinit.dylib
0x000000000bd8d000 	/usr/lib/system/libsystem_stats.dylib
0x000000000bd8d000 	/usr/lib/system/libsystem_trace.dylib
0x000000000bd8d000 	/usr/lib/system/libunc.dylib
0x000000000bd8d000 	/usr/lib/system/libunwind.dylib
0x000000000bd8d000 	/usr/lib/system/libxpc.dylib
0x000000000bd8d000 	/usr/lib/libbz2.1.0.dylib
0x000000000bd8d000 	/usr/lib/liblzma.5.dylib
0x000000000bd8d000 	/usr/lib/libbsm.0.dylib
0x000000000bd8d000 	/usr/lib/libsqlite3.dylib
0x000000000bd8d000 	/usr/lib/system/libkxld.dylib
0x000000000bd8d000 	/usr/lib/libxar.1.dylib
0x000000000bd8d000 	/usr/lib/libpam.2.dylib
0x000000000bd8d000 	/usr/lib/libOpenScriptingUtil.dylib
0x000000000bd8d000 	/System/Library/Frameworks/CoreServices.framework/Versions/A/Frameworks/FSEvents.framework/Versions/A/FSEvents
0x000000000bd8d000 	/System/Library/Frameworks/CoreServices.framework/Versions/A/Frameworks/CarbonCore.framework/Versions/A/CarbonCore
0x000000000bd8d000 	/System/Library/Frameworks/CoreServices.framework/Versions/A/Frameworks/Metadata.framework/Versions/A/Metadata
0x000000000bd8d000 	/System/Library/Frameworks/CoreServices.framework/Versions/A/Frameworks/OSServices.framework/Versions/A/OSServices
0x000000000bd8d000 	/System/Library/Frameworks/CoreServices.framework/Versions/A/Frameworks/SearchKit.framework/Versions/A/SearchKit
0x000000000bd8d000 	/System/Library/Frameworks/CoreServices.framework/Versions/A/Frameworks/AE.framework/Versions/A/AE
0x000000000bd8d000 	/System/Library/Frameworks/CoreServices.framework/Versions/A/Frameworks/LaunchServices.framework/Versions/A/LaunchServices
0x000000000bd8d000 	/System/Library/Frameworks/CoreServices.framework/Versions/A/Frameworks/DictionaryServices.framework/Versions/A/DictionaryServices
0x000000000bd8d000 	/System/Library/Frameworks/NetFS.framework/Versions/A/NetFS
0x000000000bd8d000 	/System/Library/PrivateFrameworks/NetAuth.framework/Versions/A/NetAuth
0x000000000bd8d000 	/System/Library/PrivateFrameworks/login.framework/Versions/A/Frameworks/loginsupport.framework/Versions/A/loginsupport
0x000000000bd8d000 	/System/Library/PrivateFrameworks/TCC.framework/Versions/A/TCC
0x000000000bd8d000 	/usr/lib/libmecabra.dylib
0x000000000bd8d000 	/System/Library/Frameworks/ApplicationServices.framework/Versions/A/Frameworks/ATS.framework/Versions/A/ATS
0x000000000bd8d000 	/System/Library/Frameworks/ApplicationServices.framework/Versions/A/Frameworks/ColorSync.framework/Versions/A/ColorSync
0x000000000bd8d000 	/System/Library/Frameworks/ApplicationServices.framework/Versions/A/Frameworks/HIServices.framework/Versions/A/HIServices
0x000000000bd8d000 	/System/Library/Frameworks/ApplicationServices.framework/Versions/A/Frameworks/LangAnalysis.framework/Versions/A/LangAnalysis
0x000000000bd8d000 	/System/Library/Frameworks/ApplicationServices.framework/Versions/A/Frameworks/PrintCore.framework/Versions/A/PrintCore
0x000000000bd8d000 	/System/Library/Frameworks/ApplicationServices.framework/Versions/A/Frameworks/QD.framework/Versions/A/QD
0x000000000bd8d000 	/System/Library/Frameworks/ApplicationServices.framework/Versions/A/Frameworks/SpeechSynthesis.framework/Versions/A/SpeechSynthesis
0x000000000bd8d000 	/System/Library/Frameworks/Accelerate.framework/Versions/A/Accelerate
0x000000000bd8d000 	/System/Library/Frameworks/Accelerate.framework/Versions/A/Frameworks/vImage.framework/Versions/A/vImage
0x000000000bd8d000 	/System/Library/Frameworks/Accelerate.framework/Versions/A/Frameworks/vecLib.framework/Versions/A/vecLib
0x000000000bd8d000 	/System/Library/Frameworks/Accelerate.framework/Versions/A/Frameworks/vecLib.framework/Versions/A/libvDSP.dylib
0x000000000bd8d000 	/System/Library/Frameworks/Accelerate.framework/Versions/A/Frameworks/vecLib.framework/Versions/A/libvMisc.dylib
0x000000000bd8d000 	/System/Library/Frameworks/Accelerate.framework/Versions/A/Frameworks/vecLib.framework/Versions/A/libLAPACK.dylib
0x000000000bd8d000 	/System/Library/Frameworks/Accelerate.framework/Versions/A/Frameworks/vecLib.framework/Versions/A/libBLAS.dylib
0x000000000bd8d000 	/System/Library/Frameworks/Accelerate.framework/Versions/A/Frameworks/vecLib.framework/Versions/A/libLinearAlgebra.dylib
0x000000000bd8d000 	/System/Library/Frameworks/ApplicationServices.framework/Versions/A/Frameworks/ATS.framework/Versions/A/Resources/libFontParser.dylib
0x000000000bd8d000 	/System/Library/Frameworks/ApplicationServices.framework/Versions/A/Frameworks/ATS.framework/Versions/A/Resources/libFontRegistry.dylib
0x000000000bd8d000 	/System/Library/PrivateFrameworks/AppleVPA.framework/Versions/A/AppleVPA
0x000000000bd8d000 	/System/Library/PrivateFrameworks/AppleJPEG.framework/Versions/A/AppleJPEG
0x000000000bd8d000 	/System/Library/Frameworks/ImageIO.framework/Versions/A/Resources/libJPEG.dylib
0x000000000bd8d000 	/System/Library/Frameworks/ImageIO.framework/Versions/A/Resources/libTIFF.dylib
0x000000000bd8d000 	/System/Library/Frameworks/ImageIO.framework/Versions/A/Resources/libPng.dylib
0x000000000bd8d000 	/System/Library/Frameworks/ImageIO.framework/Versions/A/Resources/libGIF.dylib
0x000000000bd8d000 	/System/Library/Frameworks/ImageIO.framework/Versions/A/Resources/libJP2.dylib
0x000000000bd8d000 	/System/Library/Frameworks/ImageIO.framework/Versions/A/Resources/libRadiance.dylib
0x000000000bd8d000 	/System/Library/Frameworks/CoreVideo.framework/Versions/A/CoreVideo
0x000000000bd8d000 	/System/Library/Frameworks/OpenGL.framework/Versions/A/Libraries/libGLU.dylib
0x000000000bd8d000 	/System/Library/Frameworks/OpenGL.framework/Versions/A/Libraries/libGFXShared.dylib
0x000000000bd8d000 	/System/Library/Frameworks/OpenGL.framework/Versions/A/Libraries/libGL.dylib
0x000000000bd8d000 	/System/Library/Frameworks/OpenGL.framework/Versions/A/Libraries/libGLImage.dylib
0x000000000bd8d000 	/System/Library/Frameworks/OpenGL.framework/Versions/A/Libraries/libCVMSPluginSupport.dylib
0x000000000bd8d000 	/System/Library/Frameworks/OpenGL.framework/Versions/A/Libraries/libCoreVMClient.dylib
0x000000000bd8d000 	/usr/lib/libcups.2.dylib
0x000000000bd8d000 	/System/Library/Frameworks/Kerberos.framework/Versions/A/Kerberos
0x000000000bd8d000 	/System/Library/Frameworks/GSS.framework/Versions/A/GSS
0x000000000bd8d000 	/usr/lib/libresolv.9.dylib
0x000000000bd8d000 	/usr/lib/libiconv.2.dylib
0x000000000bd8d000 	/System/Library/PrivateFrameworks/Heimdal.framework/Versions/A/Heimdal
0x000000000bd8d000 	/usr/lib/libheimdal-asn1.dylib
0x000000000bd8d000 	/System/Library/Frameworks/OpenDirectory.framework/Versions/A/OpenDirectory
0x000000000bd8d000 	/System/Library/PrivateFrameworks/CommonAuth.framework/Versions/A/CommonAuth
0x000000000bd8d000 	/System/Library/Frameworks/OpenDirectory.framework/Versions/A/Frameworks/CFOpenDirectory.framework/Versions/A/CFOpenDirectory
0x000000000bd8d000 	/System/Library/Frameworks/SecurityFoundation.framework/Versions/A/SecurityFoundation
0x000000000bd8d000 	/System/Library/PrivateFrameworks/LanguageModeling.framework/Versions/A/LanguageModeling
0x000000000bd8d000 	/usr/lib/libcmph.dylib
0x000000000bd8d000 	/System/Library/Frameworks/ServiceManagement.framework/Versions/A/ServiceManagement
0x000000000bd8d000 	/usr/lib/libxslt.1.dylib
0x000000000bd8d000 	/System/Library/Frameworks/Carbon.framework/Versions/A/Frameworks/Ink.framework/Versions/A/Ink
0x000000000bd8d000 	/System/Library/Frameworks/QuartzCore.framework/Versions/A/Frameworks/CoreImage.framework/Versions/A/CoreImage
0x000000000bd8d000 	/System/Library/PrivateFrameworks/CrashReporterSupport.framework/Versions/A/CrashReporterSupport
0x000000000bd8d000 	/System/Library/Frameworks/OpenCL.framework/Versions/A/OpenCL
0x000000000bd8d000 	/System/Library/PrivateFrameworks/FaceCore.framework/Versions/A/FaceCore
0x000000000bd8d000 	/System/Library/PrivateFrameworks/Ubiquity.framework/Versions/A/Ubiquity
0x000000000bd8d000 	/System/Library/PrivateFrameworks/IconServices.framework/Versions/A/IconServices
0x000000000bd8d000 	/System/Library/PrivateFrameworks/ChunkingLibrary.framework/Versions/A/ChunkingLibrary
0x000000000bd8d000 	/System/Library/PrivateFrameworks/Apple80211.framework/Versions/A/Apple80211
0x000000000bd8d000 	/System/Library/Frameworks/CoreWLAN.framework/Versions/A/CoreWLAN
0x000000000bd8d000 	/System/Library/Frameworks/IOBluetooth.framework/Versions/A/IOBluetooth
0x000000000bd8d000 	/System/Library/PrivateFrameworks/CoreWiFi.framework/Versions/A/CoreWiFi
0x000000000bd8d000 	/System/Library/Frameworks/CoreBluetooth.framework/Versions/A/CoreBluetooth
0x000000000bd8d000 	/System/Library/PrivateFrameworks/DebugSymbols.framework/Versions/A/DebugSymbols
0x000000000bd8d000 	/System/Library/PrivateFrameworks/CoreSymbolication.framework/Versions/A/CoreSymbolication
0x000000000bd8d000 	/System/Library/PrivateFrameworks/Symbolication.framework/Versions/A/Symbolication
0x000000000bd8d000 	/System/Library/PrivateFrameworks/SpeechRecognitionCore.framework/Versions/A/SpeechRecognitionCore
0x0000000107400000 	/Library/Java/JavaVirtualMachines/jdk1.8.0_25.jdk/Contents/Home/jre/lib/server/libjvm.dylib
0x000000000bd8d000 	/usr/lib/libstdc++.6.dylib
0x000000010831c000 	/Library/Java/JavaVirtualMachines/jdk1.8.0_25.jdk/Contents/Home/jre/lib/libverify.dylib
0x000000010832a000 	/Library/Java/JavaVirtualMachines/jdk1.8.0_25.jdk/Contents/Home/jre/lib/libjava.dylib
0x0000000108366000 	/Library/Java/JavaVirtualMachines/jdk1.8.0_25.jdk/Contents/Home/jre/lib/libzip.dylib
0x0000000123f1a000 	/System/Library/Frameworks/JavaVM.framework/Frameworks/JavaRuntimeSupport.framework/JavaRuntimeSupport
0x0000000123f32000 	/System/Library/Frameworks/JavaVM.framework/Versions/A/Frameworks/JavaNativeFoundation.framework/Versions/A/JavaNativeFoundation
0x0000000123f47000 	/System/Library/Frameworks/JavaVM.framework/Versions/A/JavaVM
0x000000000bd8d000 	/System/Library/Frameworks/Carbon.framework/Versions/A/Carbon
0x0000000123f54000 	/System/Library/PrivateFrameworks/JavaLaunching.framework/Versions/A/JavaLaunching
0x000000000bd8d000 	/System/Library/Frameworks/Carbon.framework/Versions/A/Frameworks/CommonPanels.framework/Versions/A/CommonPanels
0x000000000bd8d000 	/System/Library/Frameworks/Carbon.framework/Versions/A/Frameworks/Help.framework/Versions/A/Help
0x000000000bd8d000 	/System/Library/Frameworks/Carbon.framework/Versions/A/Frameworks/ImageCapture.framework/Versions/A/ImageCapture
0x000000000bd8d000 	/System/Library/Frameworks/Carbon.framework/Versions/A/Frameworks/OpenScripting.framework/Versions/A/OpenScripting
0x000000000bd8d000 	/System/Library/Frameworks/Carbon.framework/Versions/A/Frameworks/Print.framework/Versions/A/Print
0x000000000bd8d000 	/System/Library/Frameworks/Carbon.framework/Versions/A/Frameworks/SecurityHI.framework/Versions/A/SecurityHI
0x0000000126043000 	/Library/Java/JavaVirtualMachines/jdk1.8.0_25.jdk/Contents/Home/jre/lib/libprism_es2.dylib
0x000000000bd8d000 	/System/Library/Frameworks/OpenGL.framework/Versions/A/Resources/GLEngine.bundle/GLEngine
0x000000000bd8d000 	/System/Library/Frameworks/OpenGL.framework/Versions/A/Libraries/libGLProgrammability.dylib
0x0000000000000000 	/System/Library/Extensions/AppleIntelHD5000GraphicsGLDriver.bundle/Contents/MacOS/AppleIntelHD5000GraphicsGLDriver
0x000000000bd8d000 	/System/Library/PrivateFrameworks/IOAccelerator.framework/Versions/A/IOAccelerator
0x000000000bd8d000 	/System/Library/PrivateFrameworks/GPUSupport.framework/Versions/A/Libraries/libGPUSupportMercury.dylib
0x0000000000000000 	/System/Library/Extensions/GeForceGLDriver.bundle/Contents/MacOS/GeForceGLDriver
0x000000000bd8d000 	/System/Library/Extensions/GeForceGLDriver.bundle/Contents/MacOS/libclh.dylib
0x000000000bd8d000 	/System/Library/Frameworks/OpenGL.framework/Versions/A/Resources/GLRendererFloat.bundle/GLRendererFloat
0x000000000bd8d000 	/System/Library/Frameworks/OpenCL.framework/Versions/A/Libraries/libcldcpuengine.dylib
0x000000000bd8d000 	/System/Library/PrivateFrameworks/DiskImages.framework/Versions/A/DiskImages
0x000000000bd8d000 	/System/Library/Frameworks/DiscRecording.framework/Versions/A/DiscRecording
0x000000000bd8d000 	/usr/lib/libcsfde.dylib
0x000000000bd8d000 	/usr/lib/libcurl.4.dylib
0x000000000bd8d000 	/System/Library/PrivateFrameworks/MediaKit.framework/Versions/A/MediaKit
0x000000000bd8d000 	/System/Library/PrivateFrameworks/ProtectedCloudStorage.framework/Versions/A/ProtectedCloudStorage
0x000000000bd8d000 	/usr/lib/libCoreStorage.dylib
0x000000000bd8d000 	/System/Library/PrivateFrameworks/EFILogin.framework/Versions/A/EFILogin
0x000000000bd8d000 	/usr/lib/libutil.dylib
0x000000000bd8d000 	/System/Library/PrivateFrameworks/FindMyDevice.framework/Versions/A/FindMyDevice
0x000000000bd8d000 	/System/Library/Frameworks/LDAP.framework/Versions/A/LDAP
0x000000000bd8d000 	/usr/lib/libsasl2.2.dylib
0x000000000bd8d000 	/System/Library/PrivateFrameworks/CoreDaemon.framework/Versions/B/CoreDaemon
0x000000000bd8d000 	/usr/lib/libcrypto.0.9.8.dylib
0x000000000bd8d000 	/System/Library/PrivateFrameworks/AppleSRP.framework/Versions/A/AppleSRP
0x000000000bd8d000 	/System/Library/PrivateFrameworks/TrustEvaluationAgent.framework/Versions/A/TrustEvaluationAgent
0x000000012672f000 	/Library/Java/JavaVirtualMachines/jdk1.8.0_25.jdk/Contents/Home/jre/lib/libglass.dylib
0x000000000bd8d000 	/System/Library/PrivateFrameworks/CoreServicesInternal.framework/Versions/A/CoreServicesInternal
0x000000000bd8d000 	/System/Library/PrivateFrameworks/CloudDocs.framework/Versions/A/CloudDocs
0x000000000bd8d000 	/System/Library/PrivateFrameworks/CoreDuet.framework/Versions/A/CoreDuet
0x000000000bd8d000 	/System/Library/Frameworks/CloudKit.framework/Versions/A/CloudKit
0x000000000bd8d000 	/System/Library/PrivateFrameworks/ProtocolBuffer.framework/Versions/A/ProtocolBuffer
0x000000000bd8d000 	/System/Library/PrivateFrameworks/CoreDuetDaemonProtocol.framework/Versions/A/CoreDuetDaemonProtocol
0x000000000bd8d000 	/System/Library/PrivateFrameworks/CoreDuetDebugLogging.framework/Versions/A/CoreDuetDebugLogging
0x000000000bd8d000 	/System/Library/Frameworks/CoreLocation.framework/Versions/A/CoreLocation
0x000000000bd8d000 	/System/Library/Frameworks/Accounts.framework/Versions/A/Accounts
0x000000000bd8d000 	/System/Library/PrivateFrameworks/ApplePushService.framework/Versions/A/ApplePushService
0x000000000bd8d000 	/System/Library/PrivateFrameworks/GeoServices.framework/Versions/A/GeoServices
0x000000000bd8d000 	/System/Library/PrivateFrameworks/OAuth.framework/Versions/A/OAuth
0x000000000bd8d000 	/System/Library/Frameworks/CoreGraphics.framework/Versions/A/Resources/libCGCMS.A.dylib
0x000000000bd8d000 	/System/Library/CoreServices/RawCamera.bundle/Contents/MacOS/RawCamera
0x000000000bd8d000 	/System/Library/Frameworks/CoreGraphics.framework/Versions/A/Resources/libRIP.A.dylib
0x000000000bd8d000 	/System/Library/PrivateFrameworks/FamilyControls.framework/Versions/A/FamilyControls
0x000000000bd8d000 	/System/Library/PrivateFrameworks/CommerceKit.framework/Versions/A/Frameworks/CommerceCore.framework/Versions/A/CommerceCore
0x000000000bd8d000 	/System/Library/PrivateFrameworks/SystemAdministration.framework/Versions/A/SystemAdministration
0x000000000bd8d000 	/System/Library/PrivateFrameworks/AppContainer.framework/Versions/A/AppContainer
0x000000000bd8d000 	/System/Library/PrivateFrameworks/SecCodeWrapper.framework/Versions/A/SecCodeWrapper
0x000000000bd8d000 	/System/Library/Frameworks/DirectoryService.framework/Versions/A/DirectoryService
0x000000000bd8d000 	/System/Library/PrivateFrameworks/LoginUIKit.framework/Versions/A/Frameworks/LoginUICore.framework/Versions/A/LoginUICore
0x000000000bd8d000 	/usr/lib/libodfde.dylib
0x000000012ad3c000 	/Library/Java/JavaVirtualMachines/jdk1.8.0_25.jdk/Contents/Home/jre/lib/libjavafx_iio.dylib
0x000000012adaa000 	/Library/Java/JavaVirtualMachines/jdk1.8.0_25.jdk/Contents/Home/jre/lib/libjavafx_font.dylib
0x000000000bd8d000 	/System/Library/Frameworks/CoreGraphics.framework/Versions/A/Resources/libCGXType.A.dylib
0x000000012dd8e000 	cl_kernels
0x000000012eb6e000 	/System/Library/Frameworks/OpenCL.framework/Versions/A/Libraries/ImageFormats/unorm8_bgra.dylib
0x000000012dd94000 	cl_kernels
0x0000000131c2b000 	/Library/Java/JavaVirtualMachines/jdk1.8.0_25.jdk/Contents/Home/jre/lib/libprism_common.dylib
0x0000000134d72000 	/Library/Java/JavaVirtualMachines/jdk1.8.0_25.jdk/Contents/Home/jre/lib/libnet.dylib

VM Arguments:
jvm_args: -Dfile.encoding=UTF-8 
java_command: /Users/dardaiin/GitHub/Project2dana/dist/run1755520722/Project2dana.jar
java_class_path (initial): /Users/dardaiin/GitHub/Project2dana/dist/run1755520722/Project2dana.jar
Launcher Type: SUN_STANDARD

Environment Variables:
PATH=/usr/bin:/bin:/usr/sbin:/sbin
LD_LIBRARY_PATH=/Library/Java/JavaVirtualMachines/jdk1.8.0_25.jdk/Contents/Home/jre/lib/amd64:/Library/Java/JavaVirtualMachines/jdk1.8.0_25.jdk/Contents/Home/jre/lib/i386:
SHELL=/bin/bash
DYLD_LIBRARY_PATH=/Applications/NetBeans/NetBeans 8.0.1.app/Contents/Resources/NetBeans/webcommon/bin:

Signal Handlers:
SIGSEGV: [libjvm.dylib+0x579dc7], sa_mask[0]=11111111011111110111111111111111, sa_flags=SA_ONSTACK|SA_RESTART|SA_SIGINFO
SIGBUS: [libjvm.dylib+0x579dc7], sa_mask[0]=11111111011111110111111111111111, sa_flags=SA_RESTART|SA_SIGINFO
SIGFPE: [libjvm.dylib+0x45b030], sa_mask[0]=11111111011111110111111111111111, sa_flags=SA_RESTART|SA_SIGINFO
SIGPIPE: [libjvm.dylib+0x45b030], sa_mask[0]=11111111011111110111111111111111, sa_flags=SA_RESTART|SA_SIGINFO
SIGXFSZ: [libjvm.dylib+0x45b030], sa_mask[0]=11111111011111110111111111111111, sa_flags=SA_RESTART|SA_SIGINFO
SIGILL: [libjvm.dylib+0x45b030], sa_mask[0]=11111111011111110111111111111111, sa_flags=SA_RESTART|SA_SIGINFO
SIGUSR1: SIG_DFL, sa_mask[0]=00000000000000000000000000000000, sa_flags=none
SIGUSR2: [libjvm.dylib+0x45ab4e], sa_mask[0]=00100000000000000000000000000000, sa_flags=SA_RESTART|SA_SIGINFO
SIGHUP: [libjvm.dylib+0x459121], sa_mask[0]=11111111011111110111111111111111, sa_flags=SA_RESTART|SA_SIGINFO
SIGINT: SIG_IGN, sa_mask[0]=00000000000000000000000000000000, sa_flags=none
SIGTERM: [libjvm.dylib+0x459121], sa_mask[0]=11111111011111110111111111111111, sa_flags=SA_RESTART|SA_SIGINFO
SIGQUIT: [libjvm.dylib+0x459121], sa_mask[0]=11111111011111110111111111111111, sa_flags=SA_RESTART|SA_SIGINFO


---------------  S Y S T E M  ---------------

OS:Bsduname:Darwin 14.1.0 Darwin Kernel Version 14.1.0: Mon Dec 22 23:10:38 PST 2014; root:xnu-2782.10.72~2/RELEASE_X86_64 x86_64
rlimit: STACK 8192k, CORE 0k, NPROC 709, NOFILE 10240, AS infinity
load average:2.03 1.89 1.71

CPU:total 8 (4 cores per cpu, 2 threads per core) family 6 model 70 stepping 1, cmov, cx8, fxsr, mmx, sse, sse2, sse3, ssse3, sse4.1, sse4.2, popcnt, avx, avx2, aes, clmul, erms, rtm, lzcnt, ht, tsc, tscinvbit, bmi1, bmi2

Memory: 4k page, physical 16777216k(2539088k free)

/proc/meminfo:


vm_info: Java HotSpot(TM) 64-Bit Server VM (25.25-b02) for bsd-amd64 JRE (1.8.0_25-b17), built on Sep 17 2014 16:56:50 by "java_re" with gcc 4.2.1 (Based on Apple Inc. build 5658) (LLVM build 2336.11.00)

time: Fri May 15 15:39:08 2015
elapsed time: 141 seconds (0d 0h 2m 21s)

